\BOOKMARK [1][-]{section.1}{\376\377\000I\000n\000t\000r\000o\000d\000u\000c\000t\000i\000o\000n}{}% 1
\BOOKMARK [1][-]{section.2}{\376\377\000L\000i\000t\000e\000r\000a\000t\000u\000r\000e\000\040\000R\000e\000v\000i\000e\000w}{}% 2
\BOOKMARK [2][-]{subsection.2.1}{\376\377\000A\000g\000e\000n\000t\000-\000b\000a\000s\000e\000d\000\040\000S\000i\000m\000u\000l\000a\000t\000i\000o\000n\000\040\000a\000n\000d\000\040\000D\000e\000m\000a\000n\000d\000\040\000M\000o\000d\000e\000l\000l\000i\000n\000g\000\040\000i\000n\000\040\000L\000a\000s\000t\000-\000m\000i\000l\000e\000\040\000D\000e\000l\000i\000v\000e\000r\000y}{section.2}% 3
\BOOKMARK [2][-]{subsection.2.2}{\376\377\000S\000y\000n\000t\000h\000e\000t\000i\000c\000\040\000O\000r\000d\000e\000r\000\040\000G\000e\000n\000e\000r\000a\000t\000i\000o\000n}{section.2}% 4
\BOOKMARK [2][-]{subsection.2.3}{\376\377\000R\000e\000s\000e\000a\000r\000c\000h\000\040\000G\000a\000p}{section.2}% 5
\BOOKMARK [1][-]{section.3}{\376\377\000D\000a\000t\000a}{}% 6
\BOOKMARK [2][-]{subsection.3.1}{\376\377\000U\000n\000i\000t\000e\000d\000\040\000K\000i\000n\000g\000d\000o\000m\000\040\000C\000e\000n\000s\000u\000s\000\040\000D\000a\000t\000a}{section.3}% 7
\BOOKMARK [3][-]{subsubsection.3.1.1}{\376\377\000D\000a\000t\000a\000\040\000G\000r\000a\000n\000u\000l\000a\000r\000i\000t\000y}{subsection.3.1}% 8
\BOOKMARK [3][-]{subsubsection.3.1.2}{\376\377\000C\000e\000n\000s\000u\000s\000\040\000D\000a\000t\000a\000\040\000P\000r\000o\000d\000u\000c\000t\000s}{subsection.3.1}% 9
\BOOKMARK [2][-]{subsection.3.2}{\376\377\000E\000-\000c\000o\000m\000m\000e\000r\000c\000e\000\040\000R\000e\000p\000o\000r\000t\000s}{section.3}% 10
\BOOKMARK [1][-]{section.4}{\376\377\000M\000e\000t\000h\000o\000d\000o\000l\000o\000g\000y}{}% 11
\BOOKMARK [2][-]{subsection.4.1}{\376\377\000F\000r\000a\000m\000e\000w\000o\000r\000k\000\040\000S\000t\000r\000u\000c\000t\000u\000r\000e}{section.4}% 12
\BOOKMARK [2][-]{subsection.4.2}{\376\377\000S\000y\000n\000t\000h\000e\000t\000i\000c\000\040\000P\000o\000p\000u\000l\000a\000t\000i\000o\000n}{section.4}% 13
\BOOKMARK [3][-]{subsubsection.4.2.1}{\376\377\000I\000t\000e\000r\000a\000t\000i\000v\000e\000\040\000P\000r\000o\000p\000o\000r\000t\000i\000o\000n\000a\000l\000\040\000F\000i\000t\000t\000i\000n\000g}{subsection.4.2}% 14
\BOOKMARK [3][-]{subsubsection.4.2.2}{\376\377\000G\000e\000n\000e\000r\000a\000t\000e\000\040\000S\000y\000n\000t\000h\000e\000t\000i\000c\000\040\000P\000o\000p\000u\000l\000a\000t\000i\000o\000n\000\040\000A\000c\000c\000o\000r\000d\000i\000n\000g\000\040\000t\000o\000\040\000W\000e\000i\000g\000h\000t\000s}{subsection.4.2}% 15
\BOOKMARK [3][-]{subsubsection.4.2.3}{\376\377\000G\000e\000n\000e\000r\000a\000t\000e\000\040\000P\000o\000p\000u\000l\000a\000t\000i\000o\000n\000\040\000A\000d\000d\000r\000e\000s\000s\000\040\000A\000c\000c\000o\000r\000d\000i\000n\000g\000\040\000t\000o\000\040\000L\000a\000n\000d\000u\000s\000e}{subsection.4.2}% 16
\BOOKMARK [2][-]{subsection.4.3}{\376\377\000E\000-\000c\000o\000m\000m\000e\000r\000c\000e\000\040\000C\000u\000s\000t\000o\000m\000e\000r\000\040\000S\000h\000o\000p\000p\000i\000n\000g\000\040\000B\000e\000h\000a\000v\000i\000o\000u\000r\000\040\000M\000o\000d\000e\000l\000l\000i\000n\000g}{section.4}% 17
\BOOKMARK [3][-]{subsubsection.4.3.1}{\376\377\000F\000u\000z\000z\000y\000\040\000L\000o\000g\000i\000c\000\040\000I\000n\000f\000e\000r\000e\000n\000c\000e}{subsection.4.3}% 18
\BOOKMARK [3][-]{subsubsection.4.3.2}{\376\377\000T\000h\000r\000e\000e\000-\000s\000t\000e\000p\000\040\000E\000-\000c\000o\000m\000m\000e\000r\000c\000e\000\040\000C\000u\000s\000t\000o\000m\000e\000r\000\040\000B\000e\000h\000a\000v\000i\000o\000u\000r\000\040\000C\000h\000a\000i\000n\000\040\000M\000o\000d\000e\000l\000l\000i\000n\000g}{subsection.4.3}% 19
\BOOKMARK [2][-]{subsection.4.4}{\376\377\000S\000y\000n\000t\000h\000e\000t\000i\000c\000\040\000O\000r\000d\000e\000r\000\040\000G\000e\000n\000e\000r\000a\000t\000i\000o\000n}{section.4}% 20
\BOOKMARK [2][-]{subsection.4.5}{\376\377\000V\000e\000r\000i\000f\000i\000c\000a\000t\000i\000o\000n\000\040\000a\000n\000d\000\040\000V\000a\000l\000i\000d\000a\000t\000i\000o\000n}{section.4}% 21
\BOOKMARK [3][-]{subsubsection.4.5.1}{\376\377\000V\000e\000r\000i\000f\000i\000c\000a\000t\000i\000o\000n\000\040\000a\000n\000d\000\040\000V\000a\000l\000i\000d\000a\000t\000i\000o\000n\000\040\000F\000r\000a\000m\000e\000w\000o\000r\000k}{subsection.4.5}% 22
\BOOKMARK [3][-]{subsubsection.4.5.2}{\376\377\000M\000e\000a\000s\000u\000r\000e\000\040\000o\000f\000\040\000D\000i\000s\000t\000r\000i\000b\000u\000t\000i\000o\000n\000\040\000S\000i\000m\000i\000l\000a\000r\000i\000t\000y\000,\000\040\000J\000e\000n\000s\000e\000n\000-\000S\000h\000a\000n\000n\000o\000n\000\040\000D\000i\000v\000e\000r\000g\000e\000n\000c\000e}{subsection.4.5}% 23
\BOOKMARK [3][-]{subsubsection.4.5.3}{\376\377\000S\000y\000n\000t\000h\000e\000t\000i\000c\000\040\000P\000o\000p\000u\000l\000a\000t\000i\000o\000n\000\040\000V\000a\000l\000i\000d\000a\000t\000i\000o\000n}{subsection.4.5}% 24
\BOOKMARK [3][-]{subsubsection.4.5.4}{\376\377\000S\000y\000n\000t\000h\000e\000t\000i\000c\000\040\000O\000r\000d\000e\000r\000\040\000V\000a\000l\000i\000d\000a\000t\000i\000o\000n}{subsection.4.5}% 25
\BOOKMARK [1][-]{section.5}{\376\377\000C\000a\000s\000e\000\040\000S\000t\000u\000d\000y\000\040\000a\000n\000d\000\040\000R\000e\000s\000u\000l\000t\000s}{}% 26
\BOOKMARK [2][-]{subsection.5.1}{\376\377\000R\000e\000s\000e\000a\000r\000c\000h\000\040\000A\000r\000e\000a}{section.5}% 27
\BOOKMARK [2][-]{subsection.5.2}{\376\377\000S\000y\000n\000t\000h\000e\000t\000i\000c\000\040\000P\000o\000p\000u\000l\000a\000t\000i\000o\000n}{section.5}% 28
\BOOKMARK [2][-]{subsection.5.3}{\376\377\000S\000y\000n\000t\000h\000e\000t\000i\000c\000\040\000O\000r\000d\000e\000r}{section.5}% 29
\BOOKMARK [2][-]{subsection.5.4}{\376\377\000W\000e\000b\000-\000b\000a\000s\000e\000d\000\040\000R\000e\000s\000u\000l\000t\000\040\000V\000i\000s\000u\000a\000l\000i\000s\000a\000t\000i\000o\000n}{section.5}% 30
\BOOKMARK [1][-]{section.6}{\376\377\000C\000o\000n\000c\000l\000u\000s\000i\000o\000n\000\040\000a\000n\000d\000\040\000D\000i\000s\000c\000u\000s\000s\000i\000o\000n}{}% 31
\BOOKMARK [1][-]{section*.14}{\376\377\000R\000e\000f\000e\000r\000e\000n\000c\000e\000s}{}% 32
\BOOKMARK [1][-]{appendix.A}{\376\377\000L\000i\000s\000t\000\040\000o\000f\000\040\000A\000b\000b\000r\000e\000v\000i\000a\000t\000i\000o\000n}{}% 33
\BOOKMARK [1][-]{appendix.B}{\376\377\000F\000u\000z\000z\000y\000\040\000I\000n\000f\000e\000r\000e\000n\000c\000e\000\040\000S\000y\000s\000t\000e\000m}{}% 34
\BOOKMARK [1][-]{appendix.C}{\376\377\000J\000e\000n\000s\000o\000n\000-\000S\000h\000a\000n\000n\000o\000n\000\040\000D\000i\000v\000e\000r\000g\000e\000n\000c\000e\000\040\000o\000f\000\040\000S\000y\000n\000t\000h\000e\000t\000i\000c\000\040\000P\000o\000p\000u\000l\000a\000t\000i\000o\000n}{}% 35
\BOOKMARK [1][-]{appendix.D}{\376\377\000J\000e\000n\000s\000o\000n\000-\000S\000h\000a\000n\000n\000o\000n\000\040\000D\000i\000v\000e\000r\000g\000e\000n\000c\000e\000\040\000o\000f\000\040\000S\000y\000n\000t\000h\000e\000t\000i\000c\000\040\000O\000r\000d\000e\000r}{}% 36
