This is pdfTeX, Version 3.141592653-2.6-1.40.26 (TeX Live 2024) (preloaded format=pdflatex 2024.10.20)  29 AUG 2025 12:17
entering extended mode
 restricted \write18 enabled.
 file:line:error style messages enabled.
 %&-line parsing enabled.
**d:/Projects/MSc-Dissertation/population-synthesis/dissertation/tex_files/main.tex
(d:/Projects/MSc-Dissertation/population-synthesis/dissertation/tex_files/main.tex
LaTeX2e <2023-11-01> patch level 1
L3 programming layer <2024-02-20>
(./IC_fyp.cls
Document Class: IC_fyp 2013/04/22, 1.0: Elsevier Ltd
\@bls=\dimen140
(d:/Software/TeXlive/2024/texmf-dist/tex/latex/base/article.cls
Document Class: article 2023/05/17 v1.4n Standard LaTeX document class
(d:/Software/TeXlive/2024/texmf-dist/tex/latex/base/size12.clo
File: size12.clo 2023/05/17 v1.4n Standard LaTeX file (size option)
)
\c@part=\count188
\c@section=\count189
\c@subsection=\count190
\c@subsubsection=\count191
\c@paragraph=\count192
\c@subparagraph=\count193
\c@figure=\count194
\c@table=\count195
\abovecaptionskip=\skip48
\belowcaptionskip=\skip49
\bibindent=\dimen141
) (d:/Software/TeXlive/2024/texmf-dist/tex/latex/graphics/graphicx.sty
Package: graphicx 2021/09/16 v1.2d Enhanced LaTeX Graphics (DPC,SPQR)
 (d:/Software/TeXlive/2024/texmf-dist/tex/latex/graphics/keyval.sty
Package: keyval 2022/05/29 v1.15 key=value parser (DPC)
\KV@toks@=\toks17
) (d:/Software/TeXlive/2024/texmf-dist/tex/latex/graphics/graphics.sty
Package: graphics 2022/03/10 v1.4e Standard LaTeX Graphics (DPC,SPQR)
 (d:/Software/TeXlive/2024/texmf-dist/tex/latex/graphics/trig.sty
Package: trig 2021/08/11 v1.11 sin cos tan (DPC)
) (d:/Software/TeXlive/2024/texmf-dist/tex/latex/graphics-cfg/graphics.cfg
File: graphics.cfg 2016/06/04 v1.11 sample graphics configuration
)
Package graphics Info: Driver file: pdftex.def on input line 107.
 (d:/Software/TeXlive/2024/texmf-dist/tex/latex/graphics-def/pdftex.def
File: pdftex.def 2022/09/22 v1.2b Graphics/color driver for pdftex
))
\Gin@req@height=\dimen142
\Gin@req@width=\dimen143
) (d:/Software/TeXlive/2024/texmf-dist/tex/latex/psnfss/pifont.sty
Package: pifont 2020/03/25 PSNFSS-v9.3 Pi font support (SPQR) 
LaTeX Font Info:    Trying to load font information for U+pzd on input line 63.
 (d:/Software/TeXlive/2024/texmf-dist/tex/latex/psnfss/upzd.fd
File: upzd.fd 2001/06/04 font definitions for U/pzd.
)
LaTeX Font Info:    Trying to load font information for U+psy on input line 64.
 (d:/Software/TeXlive/2024/texmf-dist/tex/latex/psnfss/upsy.fd
File: upsy.fd 2001/06/04 font definitions for U/psy.
))
\c@tnote=\count196
\c@fnote=\count197
\c@cnote=\count198
\c@ead=\count199
\c@author=\count266
\@eadauthor=\toks18
\c@affn=\count267
\absbox=\box51
\keybox=\box52
\Columnwidth=\dimen144
\space@left=\dimen145
\els@boxa=\box53
\els@boxb=\box54
\leftMargin=\dimen146
\@enLab=\toks19
\@sep=\skip50
\@@sep=\skip51
 (./main.spl)
\splwrite=\write3
\openout3 = `main.spl'.

\appnamewidth=\dimen147
) (d:/Software/TeXlive/2024/texmf-dist/tex/latex/a4wide/a4wide.sty
Package: a4wide 1994/08/30
 (d:/Software/TeXlive/2024/texmf-dist/tex/latex/ntgclass/a4.sty
Package: a4 2023/01/10 v1.2g A4 based page layout
)) (d:/Software/TeXlive/2024/texmf-dist/tex/latex/amsmath/amsmath.sty
Package: amsmath 2023/05/13 v2.17o AMS math features
\@mathmargin=\skip52

For additional information on amsmath, use the `?' option.
(d:/Software/TeXlive/2024/texmf-dist/tex/latex/amsmath/amstext.sty
Package: amstext 2021/08/26 v2.01 AMS text
 (d:/Software/TeXlive/2024/texmf-dist/tex/latex/amsmath/amsgen.sty
File: amsgen.sty 1999/11/30 v2.0 generic functions
\@emptytoks=\toks20
\ex@=\dimen148
)) (d:/Software/TeXlive/2024/texmf-dist/tex/latex/amsmath/amsbsy.sty
Package: amsbsy 1999/11/29 v1.2d Bold Symbols
\pmbraise@=\dimen149
) (d:/Software/TeXlive/2024/texmf-dist/tex/latex/amsmath/amsopn.sty
Package: amsopn 2022/04/08 v2.04 operator names
)
\inf@bad=\count268
LaTeX Info: Redefining \frac on input line 234.
\uproot@=\count269
\leftroot@=\count270
LaTeX Info: Redefining \overline on input line 399.
LaTeX Info: Redefining \colon on input line 410.
\classnum@=\count271
\DOTSCASE@=\count272
LaTeX Info: Redefining \ldots on input line 496.
LaTeX Info: Redefining \dots on input line 499.
LaTeX Info: Redefining \cdots on input line 620.
\Mathstrutbox@=\box55
\strutbox@=\box56
LaTeX Info: Redefining \big on input line 722.
LaTeX Info: Redefining \Big on input line 723.
LaTeX Info: Redefining \bigg on input line 724.
LaTeX Info: Redefining \Bigg on input line 725.
\big@size=\dimen150
LaTeX Font Info:    Redeclaring font encoding OML on input line 743.
LaTeX Font Info:    Redeclaring font encoding OMS on input line 744.
\macc@depth=\count273
LaTeX Info: Redefining \bmod on input line 905.
LaTeX Info: Redefining \pmod on input line 910.
LaTeX Info: Redefining \smash on input line 940.
LaTeX Info: Redefining \relbar on input line 970.
LaTeX Info: Redefining \Relbar on input line 971.
\c@MaxMatrixCols=\count274
\dotsspace@=\muskip16
\c@parentequation=\count275
\dspbrk@lvl=\count276
\tag@help=\toks21
\row@=\count277
\column@=\count278
\maxfields@=\count279
\andhelp@=\toks22
\eqnshift@=\dimen151
\alignsep@=\dimen152
\tagshift@=\dimen153
\tagwidth@=\dimen154
\totwidth@=\dimen155
\lineht@=\dimen156
\@envbody=\toks23
\multlinegap=\skip53
\multlinetaggap=\skip54
\mathdisplay@stack=\toks24
LaTeX Info: Redefining \[ on input line 2953.
LaTeX Info: Redefining \] on input line 2954.
) (d:/Software/TeXlive/2024/texmf-dist/tex/latex/amsfonts/amssymb.sty
Package: amssymb 2013/01/14 v3.01 AMS font symbols
 (d:/Software/TeXlive/2024/texmf-dist/tex/latex/amsfonts/amsfonts.sty
Package: amsfonts 2013/01/14 v3.01 Basic AMSFonts support
\symAMSa=\mathgroup4
\symAMSb=\mathgroup5
LaTeX Font Info:    Redeclaring math symbol \hbar on input line 98.
LaTeX Font Info:    Overwriting math alphabet `\mathfrak' in version `bold'
(Font)                  U/euf/m/n --> U/euf/b/n on input line 106.
)) (d:/Software/TeXlive/2024/texmf-dist/tex/latex/graphics/epsfig.sty
Package: epsfig 2017/06/25 v1.7b (e)psfig emulation (SPQR)
\epsfxsize=\dimen157
\epsfysize=\dimen158
) (d:/Software/TeXlive/2024/texmf-dist/tex/latex/authordate/authordate1-4.sty
\bibhang=\skip55
) (d:/Software/TeXlive/2024/texmf-dist/tex/latex/base/atbegshi-ltx.sty
Package: atbegshi-ltx 2021/01/10 v1.0c Emulation of the original atbegshi
package with kernel methods
) (d:/Software/TeXlive/2024/texmf-dist/tex/latex/float/float.sty
Package: float 2001/11/08 v1.3d Float enhancements (AL)
\c@float@type=\count280
\float@exts=\toks25
\float@box=\box57
\@float@everytoks=\toks26
\@floatcapt=\box58
) (d:/Software/TeXlive/2024/texmf-dist/tex/latex/subfigure/subfigure.sty
Package: subfigure 2002/03/15 v2.1.5 subfigure package
\subfigtopskip=\skip56
\subfigcapskip=\skip57
\subfigcaptopadj=\dimen159
\subfigbottomskip=\skip58
\subfigcapmargin=\dimen160
\subfiglabelskip=\skip59
\c@subfigure=\count281
\c@lofdepth=\count282
\c@subtable=\count283
\c@lotdepth=\count284

****************************************
* Local config file subfigure.cfg used *
****************************************
(d:/Software/TeXlive/2024/texmf-dist/tex/latex/subfigure/subfigure.cfg)
\subfig@top=\skip60
\subfig@bottom=\skip61
) (d:/Software/TeXlive/2024/texmf-dist/tex/latex/xcolor/xcolor.sty
Package: xcolor 2023/11/15 v3.01 LaTeX color extensions (UK)
 (d:/Software/TeXlive/2024/texmf-dist/tex/latex/graphics-cfg/color.cfg
File: color.cfg 2016/01/02 v1.6 sample color configuration
)
Package xcolor Info: Driver file: pdftex.def on input line 274.
 (d:/Software/TeXlive/2024/texmf-dist/tex/latex/graphics/mathcolor.ltx)
Package xcolor Info: Model `cmy' substituted by `cmy0' on input line 1350.
Package xcolor Info: Model `hsb' substituted by `rgb' on input line 1354.
Package xcolor Info: Model `RGB' extended on input line 1366.
Package xcolor Info: Model `HTML' substituted by `rgb' on input line 1368.
Package xcolor Info: Model `Hsb' substituted by `hsb' on input line 1369.
Package xcolor Info: Model `tHsb' substituted by `hsb' on input line 1370.
Package xcolor Info: Model `HSB' substituted by `hsb' on input line 1371.
Package xcolor Info: Model `Gray' substituted by `gray' on input line 1372.
Package xcolor Info: Model `wave' substituted by `hsb' on input line 1373.
) (d:/Software/TeXlive/2024/texmf-dist/tex/latex/tools/array.sty
Package: array 2023/10/16 v2.5g Tabular extension package (FMi)
\col@sep=\dimen161
\ar@mcellbox=\box59
\extrarowheight=\dimen162
\NC@list=\toks27
\extratabsurround=\skip62
\backup@length=\skip63
\ar@cellbox=\box60
) (d:/Software/TeXlive/2024/texmf-dist/tex/latex/booktabs/booktabs.sty
Package: booktabs 2020/01/12 v1.61803398 Publication quality tables
\heavyrulewidth=\dimen163
\lightrulewidth=\dimen164
\cmidrulewidth=\dimen165
\belowrulesep=\dimen166
\belowbottomsep=\dimen167
\aboverulesep=\dimen168
\abovetopsep=\dimen169
\cmidrulesep=\dimen170
\cmidrulekern=\dimen171
\defaultaddspace=\dimen172
\@cmidla=\count285
\@cmidlb=\count286
\@aboverulesep=\dimen173
\@belowrulesep=\dimen174
\@thisruleclass=\count287
\@lastruleclass=\count288
\@thisrulewidth=\dimen175
) (d:/Software/TeXlive/2024/texmf-dist/tex/latex/caption/caption.sty
Package: caption 2023/08/05 v3.6o Customizing captions (AR)
 (d:/Software/TeXlive/2024/texmf-dist/tex/latex/caption/caption3.sty
Package: caption3 2023/07/31 v2.4d caption3 kernel (AR)
\caption@tempdima=\dimen176
\captionmargin=\dimen177
\caption@leftmargin=\dimen178
\caption@rightmargin=\dimen179
\caption@width=\dimen180
\caption@indent=\dimen181
\caption@parindent=\dimen182
\caption@hangindent=\dimen183
Package caption Info: Unknown document class (or package),
(caption)             standard defaults will be used.
Package caption Info: \@makecaption = \long macro:#1#2->\vskip \abovecaptionskip \footnotesize \sbox \@tempboxa {#1: #2}\ifdim \wd \@tempboxa >\hsize #1: #2\par \else \global \@minipagefalse \hb@xt@ \hsize {\hfil \box \@tempboxa \hfil }\fi \vskip \belowcaptionskip  on input line 1175.
)

Package caption Warning: Unknown document class (or package),
(caption)                standard defaults will be used.
See the caption package documentation for explanation.

\c@caption@flags=\count289
\c@continuedfloat=\count290
Package caption Info: float package is loaded.
Package caption Info: subfigure package is loaded.
) (d:/Software/TeXlive/2024/texmf-dist/tex/latex/tools/tabularx.sty
Package: tabularx 2023/07/08 v2.11c `tabularx' package (DPC)
\TX@col@width=\dimen184
\TX@old@table=\dimen185
\TX@old@col=\dimen186
\TX@target=\dimen187
\TX@delta=\dimen188
\TX@cols=\count291
\TX@ftn=\toks28
) (d:/Software/TeXlive/2024/texmf-dist/tex/latex/multirow/multirow.sty
Package: multirow 2021/03/15 v2.8 Span multiple rows of a table
\multirow@colwidth=\skip64
\multirow@cntb=\count292
\multirow@dima=\skip65
\bigstrutjot=\dimen189
) (d:/Software/TeXlive/2024/texmf-dist/tex/latex/datatool/datatool.sty
Package: datatool 2019/09/27 v2.32 (NLCT)
 (d:/Software/TeXlive/2024/texmf-dist/tex/latex/xkeyval/xkeyval.sty
Package: xkeyval 2022/06/16 v2.9 package option processing (HA)
 (d:/Software/TeXlive/2024/texmf-dist/tex/generic/xkeyval/xkeyval.tex (d:/Software/TeXlive/2024/texmf-dist/tex/generic/xkeyval/xkvutils.tex
\XKV@toks=\toks29
\XKV@tempa@toks=\toks30
)
\XKV@depth=\count293
File: xkeyval.tex 2014/12/03 v2.7a key=value parser (HA)
)) (d:/Software/TeXlive/2024/texmf-dist/tex/latex/base/ifthen.sty
Package: ifthen 2022/04/13 v1.1d Standard LaTeX ifthen package (DPC)
) (d:/Software/TeXlive/2024/texmf-dist/tex/latex/xfor/xfor.sty
Package: xfor 2009/02/05 v1.05 (NLCT)
) (d:/Software/TeXlive/2024/texmf-dist/tex/latex/substr/substr.sty
Package: substr 2009/10/20 v1.2 Handle substrings
\c@su@anzahl=\count294
) (d:/Software/TeXlive/2024/texmf-dist/tex/latex/etoolbox/etoolbox.sty
Package: etoolbox 2020/10/05 v2.5k e-TeX tools for LaTeX (JAW)
\etb@tempcnta=\count295
) (d:/Software/TeXlive/2024/texmf-dist/tex/latex/datatool/datatool-base.sty
Package: datatool-base 2019/09/27 v2.32 (NLCT)
 (d:/Software/TeXlive/2024/texmf-dist/tex/latex/datatool/datatool-fp.sty
Package: datatool-fp 2019/09/27 v2.32 (NLCT)
 (d:/Software/TeXlive/2024/texmf-dist/tex/latex/fp/fp.sty
Package: fp 1995/04/02
 `Fixed Point Package', Version 0.8, April 2, 1995 (C) Michael Mehlich (d:/Software/TeXlive/2024/texmf-dist/tex/latex/fp/defpattern.sty
Package: defpattern 1994/10/12
\actioncount=\count296
) (d:/Software/TeXlive/2024/texmf-dist/tex/latex/fp/fp-basic.sty
Package: fp-basic 1996/05/13
\FP@xs=\count297
\FP@xia=\count298
\FP@xib=\count299
\FP@xfa=\count300
\FP@xfb=\count301
\FP@rega=\count302
\FP@regb=\count303
\FP@regs=\count304
\FP@times=\count305
) (d:/Software/TeXlive/2024/texmf-dist/tex/latex/fp/fp-addons.sty
Package: fp-addons 1995/03/15
) (d:/Software/TeXlive/2024/texmf-dist/tex/latex/fp/fp-snap.sty
Package: fp-snap 1995/04/05
) (d:/Software/TeXlive/2024/texmf-dist/tex/latex/fp/fp-exp.sty
Package: fp-exp 1995/04/03
) (d:/Software/TeXlive/2024/texmf-dist/tex/latex/fp/fp-trigo.sty
Package: fp-trigo 1995/04/14
) (d:/Software/TeXlive/2024/texmf-dist/tex/latex/fp/fp-pas.sty
Package: fp-pas 1994/08/29
) (d:/Software/TeXlive/2024/texmf-dist/tex/latex/fp/fp-random.sty
Package: fp-random 1995/02/23
\FPseed=\count306
) (d:/Software/TeXlive/2024/texmf-dist/tex/latex/fp/fp-eqn.sty
Package: fp-eqn 1995/04/03
) (d:/Software/TeXlive/2024/texmf-dist/tex/latex/fp/fp-upn.sty
Package: fp-upn 1996/10/21
) (d:/Software/TeXlive/2024/texmf-dist/tex/latex/fp/fp-eval.sty
Package: fp-eval 1995/04/03
)))
\@dtl@toks=\toks31
\@dtl@tmpcount=\count307
\dtl@tmplength=\skip66
\dtl@sortresult=\count308
\@dtl@numgrpsepcount=\count309
\@dtl@datatype=\count310
\dtl@codeA=\count311
\dtl@codeB=\count312
\@dtl@foreach@level=\count313
)
\dtlcolumnnum=\count314
\dtlrownum=\count315
\@dtl@before=\toks32
\@dtl@after=\toks33
\@dtl@colhead=\toks34
\dtlcurrentrow=\toks35
\dtlbeforerow=\toks36
\dtlafterrow=\toks37
\dtlforeachlevel=\count316
\c@DTLrowi=\count317
\c@DTLrowii=\count318
\c@DTLrowiii=\count319
\c@DTLrow=\count320
\dtl@rowi=\count321
\dtl@rowii=\count322
\dtl@rowiii=\count323
\@dtl@curi=\toks38
\@dtl@previ=\toks39
\@dtl@nexti=\toks40
\@dtl@curii=\toks41
\@dtl@previi=\toks42
\@dtl@nextii=\toks43
\@dtl@curiii=\toks44
\@dtl@previii=\toks45
\@dtl@nextiii=\toks46
\@dtl@elements=\count324
\@dtl@list=\toks47
\@dtl@rowa=\toks48
\@dtl@rowb=\toks49
\@dtl@toksA=\toks50
\@dtl@toksB=\toks51
\@dtl@write=\write4
\@dtl@read=\read2
\dtl@entrycr=\count325
\dtl@omitlines=\count326
) (d:/Software/TeXlive/2024/texmf-dist/tex/latex/tools/longtable.sty
Package: longtable 2023-11-01 v4.19 Multi-page Table package (DPC)
\LTleft=\skip67
\LTright=\skip68
\LTpre=\skip69
\LTpost=\skip70
\LTchunksize=\count327
\LTcapwidth=\dimen190
\LT@head=\box61
\LT@firsthead=\box62
\LT@foot=\box63
\LT@lastfoot=\box64
\LT@gbox=\box65
\LT@cols=\count328
\LT@rows=\count329
\c@LT@tables=\count330
\c@LT@chunks=\count331
\LT@p@ftn=\toks52
) (d:/Software/TeXlive/2024/texmf-dist/tex/latex/makecell/makecell.sty
Package: makecell 2009/08/03 V0.1e Managing of Tab Column Heads and Cells
\rotheadsize=\dimen191
\c@nlinenum=\count332
\TeXr@lab=\toks53
) (d:/Software/TeXlive/2024/texmf-dist/tex/latex/hyperref/hyperref.sty
Package: hyperref 2024-01-20 v7.01h Hypertext links for LaTeX
 (d:/Software/TeXlive/2024/texmf-dist/tex/generic/iftex/iftex.sty
Package: iftex 2022/02/03 v1.0f TeX engine tests
) (d:/Software/TeXlive/2024/texmf-dist/tex/latex/kvsetkeys/kvsetkeys.sty
Package: kvsetkeys 2022-10-05 v1.19 Key value parser (HO)
) (d:/Software/TeXlive/2024/texmf-dist/tex/generic/kvdefinekeys/kvdefinekeys.sty
Package: kvdefinekeys 2019-12-19 v1.6 Define keys (HO)
) (d:/Software/TeXlive/2024/texmf-dist/tex/generic/pdfescape/pdfescape.sty
Package: pdfescape 2019/12/09 v1.15 Implements pdfTeX's escape features (HO)
 (d:/Software/TeXlive/2024/texmf-dist/tex/generic/ltxcmds/ltxcmds.sty
Package: ltxcmds 2023-12-04 v1.26 LaTeX kernel commands for general use (HO)
) (d:/Software/TeXlive/2024/texmf-dist/tex/generic/pdftexcmds/pdftexcmds.sty
Package: pdftexcmds 2020-06-27 v0.33 Utility functions of pdfTeX for LuaTeX (HO)
 (d:/Software/TeXlive/2024/texmf-dist/tex/generic/infwarerr/infwarerr.sty
Package: infwarerr 2019/12/03 v1.5 Providing info/warning/error messages (HO)
)
Package pdftexcmds Info: \pdf@primitive is available.
Package pdftexcmds Info: \pdf@ifprimitive is available.
Package pdftexcmds Info: \pdfdraftmode found.
)) (d:/Software/TeXlive/2024/texmf-dist/tex/latex/hycolor/hycolor.sty
Package: hycolor 2020-01-27 v1.10 Color options for hyperref/bookmark (HO)
) (d:/Software/TeXlive/2024/texmf-dist/tex/latex/auxhook/auxhook.sty
Package: auxhook 2019-12-17 v1.6 Hooks for auxiliary files (HO)
) (d:/Software/TeXlive/2024/texmf-dist/tex/latex/hyperref/nameref.sty
Package: nameref 2023-11-26 v2.56 Cross-referencing by name of section
 (d:/Software/TeXlive/2024/texmf-dist/tex/latex/refcount/refcount.sty
Package: refcount 2019/12/15 v3.6 Data extraction from label references (HO)
) (d:/Software/TeXlive/2024/texmf-dist/tex/generic/gettitlestring/gettitlestring.sty
Package: gettitlestring 2019/12/15 v1.6 Cleanup title references (HO)
 (d:/Software/TeXlive/2024/texmf-dist/tex/latex/kvoptions/kvoptions.sty
Package: kvoptions 2022-06-15 v3.15 Key value format for package options (HO)
))
\c@section@level=\count333
)
\@linkdim=\dimen192
\Hy@linkcounter=\count334
\Hy@pagecounter=\count335
 (d:/Software/TeXlive/2024/texmf-dist/tex/latex/hyperref/pd1enc.def
File: pd1enc.def 2024-01-20 v7.01h Hyperref: PDFDocEncoding definition (HO)
Now handling font encoding PD1 ...
... no UTF-8 mapping file for font encoding PD1
) (d:/Software/TeXlive/2024/texmf-dist/tex/generic/intcalc/intcalc.sty
Package: intcalc 2019/12/15 v1.3 Expandable calculations with integers (HO)
)
\Hy@SavedSpaceFactor=\count336
 (d:/Software/TeXlive/2024/texmf-dist/tex/latex/hyperref/puenc.def
File: puenc.def 2024-01-20 v7.01h Hyperref: PDF Unicode definition (HO)
Now handling font encoding PU ...
... no UTF-8 mapping file for font encoding PU
)
Package hyperref Info: Option `colorlinks' set `true' on input line 4062.
Package hyperref Info: Hyper figures OFF on input line 4179.
Package hyperref Info: Link nesting OFF on input line 4184.
Package hyperref Info: Hyper index ON on input line 4187.
Package hyperref Info: Plain pages OFF on input line 4194.
Package hyperref Info: Backreferencing OFF on input line 4199.
Package hyperref Info: Implicit mode ON; LaTeX internals redefined.
Package hyperref Info: Bookmarks ON on input line 4446.
\c@Hy@tempcnt=\count337
 (d:/Software/TeXlive/2024/texmf-dist/tex/latex/url/url.sty
\Urlmuskip=\muskip17
Package: url 2013/09/16  ver 3.4  Verb mode for urls, etc.
)
LaTeX Info: Redefining \url on input line 4784.
\XeTeXLinkMargin=\dimen193
 (d:/Software/TeXlive/2024/texmf-dist/tex/generic/bitset/bitset.sty
Package: bitset 2019/12/09 v1.3 Handle bit-vector datatype (HO)
 (d:/Software/TeXlive/2024/texmf-dist/tex/generic/bigintcalc/bigintcalc.sty
Package: bigintcalc 2019/12/15 v1.5 Expandable calculations on big integers (HO)
))
\Fld@menulength=\count338
\Field@Width=\dimen194
\Fld@charsize=\dimen195
Package hyperref Info: Hyper figures OFF on input line 6063.
Package hyperref Info: Link nesting OFF on input line 6068.
Package hyperref Info: Hyper index ON on input line 6071.
Package hyperref Info: backreferencing OFF on input line 6078.
Package hyperref Info: Link coloring ON on input line 6081.
Package hyperref Info: Link coloring with OCG OFF on input line 6088.
Package hyperref Info: PDF/A mode OFF on input line 6093.
\Hy@abspage=\count339
\c@Item=\count340
\c@Hfootnote=\count341
)
Package hyperref Info: Driver (autodetected): hpdftex.
 (d:/Software/TeXlive/2024/texmf-dist/tex/latex/hyperref/hpdftex.def
File: hpdftex.def 2024-01-20 v7.01h Hyperref driver for pdfTeX
 (d:/Software/TeXlive/2024/texmf-dist/tex/latex/base/atveryend-ltx.sty
Package: atveryend-ltx 2020/08/19 v1.0a Emulation of the original atveryend package
with kernel methods
)
\Fld@listcount=\count342
\c@bookmark@seq@number=\count343
 (d:/Software/TeXlive/2024/texmf-dist/tex/latex/rerunfilecheck/rerunfilecheck.sty
Package: rerunfilecheck 2022-07-10 v1.10 Rerun checks for auxiliary files (HO)
 (d:/Software/TeXlive/2024/texmf-dist/tex/generic/uniquecounter/uniquecounter.sty
Package: uniquecounter 2019/12/15 v1.4 Provide unlimited unique counter (HO)
)
Package uniquecounter Info: New unique counter `rerunfilecheck' on input line 285.
)
\Hy@SectionHShift=\skip71
)
\logowidth=\skip72
\logopad=\skip73
\@float@every@table=\toks54
\dtldb@acronyms=\toks55
\dtlkeys@acronyms=\toks56
\dtlrows@acronyms=\count344
\dtlcols@acronyms=\count345
 (d:/Software/TeXlive/2024/texmf-dist/tex/latex/l3backend/l3backend-pdftex.def
File: l3backend-pdftex.def 2024-02-20 L3 backend support: PDF output (pdfTeX)
\l__color_backend_stack_int=\count346
\l__pdf_internal_box=\box66
) (./main.aux)
\openout1 = `main.aux'.

LaTeX Font Info:    Checking defaults for OML/cmm/m/it on input line 73.
LaTeX Font Info:    ... okay on input line 73.
LaTeX Font Info:    Checking defaults for OMS/cmsy/m/n on input line 73.
LaTeX Font Info:    ... okay on input line 73.
LaTeX Font Info:    Checking defaults for OT1/cmr/m/n on input line 73.
LaTeX Font Info:    ... okay on input line 73.
LaTeX Font Info:    Checking defaults for T1/cmr/m/n on input line 73.
LaTeX Font Info:    ... okay on input line 73.
LaTeX Font Info:    Checking defaults for TS1/cmr/m/n on input line 73.
LaTeX Font Info:    ... okay on input line 73.
LaTeX Font Info:    Checking defaults for OMX/cmex/m/n on input line 73.
LaTeX Font Info:    ... okay on input line 73.
LaTeX Font Info:    Checking defaults for U/cmr/m/n on input line 73.
LaTeX Font Info:    ... okay on input line 73.
LaTeX Font Info:    Checking defaults for PD1/pdf/m/n on input line 73.
LaTeX Font Info:    ... okay on input line 73.
LaTeX Font Info:    Checking defaults for PU/pdf/m/n on input line 73.
LaTeX Font Info:    ... okay on input line 73.
 (d:/Software/TeXlive/2024/texmf-dist/tex/context/base/mkii/supp-pdf.mkii
[Loading MPS to PDF converter (version 2006.09.02).]
\scratchcounter=\count347
\scratchdimen=\dimen196
\scratchbox=\box67
\nofMPsegments=\count348
\nofMParguments=\count349
\everyMPshowfont=\toks57
\MPscratchCnt=\count350
\MPscratchDim=\dimen197
\MPnumerator=\count351
\makeMPintoPDFobject=\count352
\everyMPtoPDFconversion=\toks58
) (d:/Software/TeXlive/2024/texmf-dist/tex/latex/epstopdf-pkg/epstopdf-base.sty
Package: epstopdf-base 2020-01-24 v2.11 Base part for package epstopdf
Package epstopdf-base Info: Redefining graphics rule for `.eps' on input line 485.
 (d:/Software/TeXlive/2024/texmf-dist/tex/latex/latexconfig/epstopdf-sys.cfg
File: epstopdf-sys.cfg 2010/07/13 v1.3 Configuration of (r)epstopdf for TeX Live
))
Package caption Info: Begin \AtBeginDocument code.
Package caption Info: hyperref package is loaded.
Package caption Info: longtable package is loaded.
 (d:/Software/TeXlive/2024/texmf-dist/tex/latex/caption/ltcaption.sty
Package: ltcaption 2021/01/08 v1.4c longtable captions (AR)
)
Package caption Info: End \AtBeginDocument code.
Package hyperref Info: Link coloring ON on input line 73.
 (./main.out) (./main.out)
\@outlinefile=\write5
\openout5 = `main.out'.

<Figures/IC_New_Logo.pdf, id=148, 1553.6946pt x 170.6375pt>
File: Figures/IC_New_Logo.pdf Graphic file (type pdf)
<use Figures/IC_New_Logo.pdf>
Package pdftex.def Info: Figures/IC_New_Logo.pdf  used on input line 101.
(pdftex.def)             Requested size: 199.16928pt x 21.87381pt.
 [1

{d:/Software/TeXlive/2024/texmf-var/fonts/map/pdftex/updmap/pdftex.map} <./Figures/IC_New_Logo.pdf>]
LaTeX Font Info:    Trying to load font information for U+msa on input line 105.
 (d:/Software/TeXlive/2024/texmf-dist/tex/latex/amsfonts/umsa.fd
File: umsa.fd 2013/01/14 v3.01 AMS symbols A
)
LaTeX Font Info:    Trying to load font information for U+msb on input line 105.
 (d:/Software/TeXlive/2024/texmf-dist/tex/latex/amsfonts/umsb.fd
File: umsb.fd 2013/01/14 v3.01 AMS symbols B
) (./main.toc
pdfTeX warning (ext4): destination with the same identifier (name{page.1}) has been already used, duplicate ignored
<to be read again> 
                   \relax 
l.37 ...rgence of Synthetic Order}{42}{appendix.D}
                                                  % [1])
\tf@toc=\write6
\openout6 = `main.toc'.

 [2] (./main.lof)
\tf@lof=\write7
\openout7 = `main.lof'.

 (./main.lot
Overfull \hbox (2.4421pt too wide) in paragraph at lines 1--1
 [][] [][][]\OT1/cmr/m/n/12 Comparison of Meth-ods and Data Sources across Dif-fer-ent Sim-u-la-tion Frame- 
 []

)
\tf@lot=\write8
\openout8 = `main.lot'.

 [3] [4

] [5{d:/Software/TeXlive/2024/texmf-dist/fonts/enc/dvips/cm-super/cm-super-ts1.enc}] [6]
Overfull \hbox (1.94363pt too wide) in paragraph at lines 269--269
 [] 
 []


Overfull \hbox (5.53387pt too wide) in paragraph at lines 269--269
 [] 
 []

[7] [8] [9]

pdfTeX warning: pdflatex.exe (file ./Figures/oa.pdf): PDF inclusion: found PDF version <1.7>, but at most version <1.5> allowed
<Figures/oa.pdf, id=365, 847.0064pt x 570.93404pt>
File: Figures/oa.pdf Graphic file (type pdf)
<use Figures/oa.pdf>
Package pdftex.def Info: Figures/oa.pdf  used on input line 349.
(pdftex.def)             Requested size: 99.58464pt x 67.12396pt.


pdfTeX warning: pdflatex.exe (file ./Figures/lsoa.pdf): PDF inclusion: found PDF version <1.7>, but at most version <1.5> allowed
<Figures/lsoa.pdf, id=366, 847.0064pt x 570.93404pt>
File: Figures/lsoa.pdf Graphic file (type pdf)
<use Figures/lsoa.pdf>
Package pdftex.def Info: Figures/lsoa.pdf  used on input line 350.
(pdftex.def)             Requested size: 99.58464pt x 67.12396pt.


pdfTeX warning: pdflatex.exe (file ./Figures/msoa.pdf): PDF inclusion: found PDF version <1.7>, but at most version <1.5> allowed
<Figures/msoa.pdf, id=367, 847.0064pt x 570.93404pt>
File: Figures/msoa.pdf Graphic file (type pdf)
<use Figures/msoa.pdf>
Package pdftex.def Info: Figures/msoa.pdf  used on input line 351.
(pdftex.def)             Requested size: 99.58464pt x 67.12396pt.


pdfTeX warning: pdflatex.exe (file ./Figures/lad.pdf): PDF inclusion: found PDF version <1.7>, but at most version <1.5> allowed
<Figures/lad.pdf, id=368, 847.0064pt x 570.93404pt>
File: Figures/lad.pdf Graphic file (type pdf)
<use Figures/lad.pdf>
Package pdftex.def Info: Figures/lad.pdf  used on input line 352.
(pdftex.def)             Requested size: 99.58464pt x 67.12396pt.

Overfull \hbox (5.43803pt too wide) in paragraph at lines 345--355
 [][] 
 []

[10 <./Figures/oa.pdf> <./Figures/lsoa.pdf> <./Figures/msoa.pdf> <./Figures/lad.pdf>] [11]
Underfull \hbox (badness 2478) in paragraph at lines 436--436
[]|\OT1/cmr/m/n/12 Gender Dif-fer-ences in Con-
 []


Underfull \hbox (badness 6493) in paragraph at lines 436--436
\OT1/cmr/m/n/12 sumer be-haviour Stem-ming
 []


Underfull \hbox (badness 10000) in paragraph at lines 438--440
[]|\OT1/cmr/m/n/12 Gender & Cat-e-gory /
 []


Underfull \hbox (badness 2781) in paragraph at lines 438--440
\OT1/cmr/m/n/12 Spend-ing Amount (Eu-ro-
 []


Underfull \hbox (badness 1728) in paragraph at lines 440--440
\OT1/cmr/m/n/12 hold Char-ac-ter-is-tics and E-
 []


Underfull \hbox (badness 1533) in paragraph at lines 444--444
\OT1/cmr/m/n/12 tween On-line Shop-ping, In-
 []


Underfull \hbox (badness 1533) in paragraph at lines 444--444
\OT1/cmr/m/n/12 Shop-ping Sur-vey in Lis-bon,
 []


Underfull \hbox (badness 2865) in paragraph at lines 447--449
[]|\OT1/cmr/m/n/12 Country-level Pen-e-tra-tion,
 []


Underfull \hbox (badness 10000) in paragraph at lines 449--451
[]|\OT1/cmr/m/n/12 Delivery Time Ex-pec-
 []


Underfull \hbox (badness 10000) in paragraph at lines 449--451
\OT1/cmr/m/n/12 ta-tions, Sus-tain-abil-ity
 []


Underfull \hbox (badness 4479) in paragraph at lines 451--451
[]|\OT1/cmr/m/n/12 E-commerce in the United
 []


Underfull \hbox (badness 10000) in paragraph at lines 451--453
[]|\OT1/cmr/m/n/12 Purchase Char-ac-ter-is-tics
 []


Underfull \hbox (badness 10000) in paragraph at lines 451--453
\OT1/cmr/m/n/12 and cus-tomer fea-tures:
 []


Underfull \hbox (badness 10000) in paragraph at lines 451--453
\OT1/cmr/m/n/12 Will-ing-ness, Fre-quency,
 []


Underfull \hbox (badness 3612) in paragraph at lines 453--453
\OT1/cmr/m/n/12 the United King-dom (UK)
 []


Underfull \hbox (badness 1968) in paragraph at lines 453--455
[]|\OT1/cmr/m/n/12 Consumer Habits, On-line
 []


Underfull \hbox (badness 3612) in paragraph at lines 455--455
\OT1/cmr/m/n/12 the United King-dom (UK)
 []


Underfull \hbox (badness 4479) in paragraph at lines 457--457
[]|\OT1/cmr/m/n/12 E-commerce in the United
 []


Underfull \hbox (badness 1264) in paragraph at lines 459--461
[]|\OT1/cmr/m/n/12 Customer Fea-tures: Age,
 []

[12]
<Figures/study_framework_portrait.pdf, id=436, 2446.64063pt x 1714.90688pt>
File: Figures/study_framework_portrait.pdf Graphic file (type pdf)
<use Figures/study_framework_portrait.pdf>
Package pdftex.def Info: Figures/study_framework_portrait.pdf  used on input line 526.
(pdftex.def)             Requested size: 414.6463pt x 290.61446pt.
 [13] [14 <./Figures/study_framework_portrait.pdf>]
<Figures/IPF-flowchart.pdf, id=473, 3518.64563pt x 1126.96031pt>
File: Figures/IPF-flowchart.pdf Graphic file (type pdf)
<use Figures/IPF-flowchart.pdf>
Package pdftex.def Info: Figures/IPF-flowchart.pdf  used on input line 579.
(pdftex.def)             Requested size: 437.68376pt x 140.18185pt.
 [15 <./Figures/IPF-flowchart.pdf>]
<Figures/syn-order-flowchart.pdf, id=499, 3502.08376pt x 2238.11156pt>
File: Figures/syn-order-flowchart.pdf Graphic file (type pdf)
<use Figures/syn-order-flowchart.pdf>
Package pdftex.def Info: Figures/syn-order-flowchart.pdf  used on input line 623.
(pdftex.def)             Requested size: 437.68376pt x 279.69496pt.
 [16] [17 <./Figures/syn-order-flowchart.pdf>] [18] [19]
Underfull \hbox (badness 1874) in paragraph at lines 769--769
[]|\OT1/cmr/m/n/12 Lightweight Fash-ion & Per-
 []


Underfull \hbox (badness 1540) in paragraph at lines 769--769
[]|\OT1/cmr/m/n/12 Consumer Elec-tron-ics, Some
 []


Underfull \hbox (badness 10000) in paragraph at lines 769--769
[]|\OT1/cmr/m/n/12 Medium-Sized Con-sumer
 []


Underfull \hbox (badness 2057) in paragraph at lines 769--769
[]|\OT1/cmr/m/n/12 Food, Bev-er-ages, House-hold
 []


Underfull \hbox (badness 10000) in paragraph at lines 769--769
[]|\OT1/cmr/m/n/12 Cultural & En-ter-tain-ment
 []


Underfull \hbox (badness 1377) in paragraph at lines 769--769
[]|\OT1/cmr/m/n/12 Books/Music/Games, Sports,
 []


Underfull \hbox (badness 4582) in paragraph at lines 769--769
[]|\OT1/cmr/m/n/12 Furniture, Large House-hold
 []

[20] [21] [22] [23]

pdfTeX warning: pdflatex.exe (file ./Figures/london_map.pdf): PDF inclusion: found PDF version <1.6>, but at most version <1.5> allowed
<Figures/london_map.pdf, id=602, 864.22403pt x 682.04102pt>
File: Figures/london_map.pdf Graphic file (type pdf)
<use Figures/london_map.pdf>
Package pdftex.def Info: Figures/london_map.pdf  used on input line 923.
(pdftex.def)             Requested size: 368.57838pt x 290.87828pt.
[24 <./Figures/london_map.pdf>]

pdfTeX warning: pdflatex.exe (file ./Figures/jsd-pop.pdf): PDF inclusion: found PDF version <1.7>, but at most version <1.5> allowed
<Figures/jsd-pop.pdf, id=624, 719.3284pt x 324.49332pt>
File: Figures/jsd-pop.pdf Graphic file (type pdf)
<use Figures/jsd-pop.pdf>
Package pdftex.def Info: Figures/jsd-pop.pdf  used on input line 977.
(pdftex.def)             Requested size: 437.68376pt x 197.4455pt.
[25]
Underfull \hbox (badness 10000) in paragraph at lines 1013--1013
[]|\OT1/cmr/m/n/12 IF eco-nomic[]activity[\OT1/cmr/m/it/12 employed\OT1/cmr/m/n/12 ] OR eco-nomic[]activity[\OT1/cmr/m/it/12 unemployed\OT1/cmr/m/n/12 ]
 []


Underfull \hbox (badness 2334) in paragraph at lines 1046--1046
[]|\OT1/cmr/m/n/12 IF age[\OT1/cmr/m/it/12 adult\OT1/cmr/m/n/12 ] AND sex[\OT1/cmr/m/it/12 female\OT1/cmr/m/n/12 ] THEN re-
 []


Underfull \hbox (badness 2334) in paragraph at lines 1046--1046
[]|\OT1/cmr/m/n/12 IF age[\OT1/cmr/m/it/12 adult\OT1/cmr/m/n/12 ] AND sex[\OT1/cmr/m/it/12 female\OT1/cmr/m/n/12 ] THEN re-
 []


Underfull \hbox (badness 1354) in paragraph at lines 1069--1069
[]|\OT1/cmr/m/n/12 OR Ag-gre-ga-tion Func-
 []

[26 <./Figures/jsd-pop.pdf>] [27]

pdfTeX warning: pdflatex.exe (file ./Figures/jsd-ord.pdf): PDF inclusion: found PDF version <1.7>, but at most version <1.5> allowed
<Figures/jsd-ord.pdf, id=650, 859.65367pt x 423.02141pt>
File: Figures/jsd-ord.pdf Graphic file (type pdf)
<use Figures/jsd-ord.pdf>
Package pdftex.def Info: Figures/jsd-ord.pdf  used on input line 1079.
(pdftex.def)             Requested size: 437.68376pt x 215.38304pt.
[28 <./Figures/jsd-ord.pdf>]

pdfTeX warning: pdflatex.exe (file ./Figures/jsd-age.pdf): PDF inclusion: found PDF version <1.7>, but at most version <1.5> allowed
<Figures/jsd-age.pdf, id=662, 859.65367pt x 423.02141pt>
File: Figures/jsd-age.pdf Graphic file (type pdf)
<use Figures/jsd-age.pdf>
Package pdftex.def Info: Figures/jsd-age.pdf  used on input line 1101.
(pdftex.def)             Requested size: 437.68376pt x 215.38304pt.
[29 <./Figures/jsd-age.pdf>]
<Figures/synpop-map.pdf, id=676, 1011.78pt x 614.295pt>
File: Figures/synpop-map.pdf Graphic file (type pdf)
<use Figures/synpop-map.pdf>
Package pdftex.def Info: Figures/synpop-map.pdf  used on input line 1130.
(pdftex.def)             Requested size: 437.68376pt x 265.73517pt.
<Figures/synord-map.pdf, id=677, 1011.78pt x 614.295pt>
File: Figures/synord-map.pdf Graphic file (type pdf)
<use Figures/synord-map.pdf>
Package pdftex.def Info: Figures/synord-map.pdf  used on input line 1137.
(pdftex.def)             Requested size: 437.68376pt x 265.73517pt.
 [30 <./Figures/synpop-map.pdf>] [31 <./Figures/synord-map.pdf>] (./main.bbl [32] [33]
Underfull \hbox (badness 10000) in paragraph at lines 141--145
[]\OT1/cmr/m/n/12 Office for Na-tional Statis-tics. 2023.  \OT1/cmr/m/it/12 Pub-lic mi-cro-data teach-ing sam-
 []


Underfull \hbox (badness 10000) in paragraph at lines 141--145
\OT1/cmr/m/it/12 ple, eng-land and wales: Cen-sus 2021\OT1/cmr/m/n/12 .  [][]$https : / / www . ons . gov . uk /
 []


Underfull \hbox (badness 10000) in paragraph at lines 141--145
\OT1/cmr/m/n/12 peoplepopulationandcommunity / populationandmigration / populationestimates /
 []


Underfull \hbox (badness 10000) in paragraph at lines 141--145
\OT1/cmr/m/n/12 datasets / publicmicrodatateachingsampleenglandandwalescensus2021$[][].  Ac-cessed:
 []

[34]
Underfull \hbox (badness 7832) in paragraph at lines 234--238
[]\OT1/cmr/m/n/12 UK Data Ser-vice. 2021.  \OT1/cmr/m/it/12 Lower tier lo-cal au-thor-ity level data\OT1/cmr/m/n/12 .  [][]$https :
 []


Underfull \hbox (badness 10000) in paragraph at lines 234--238
\OT1/cmr/m/n/12 / / statistics . ukdataservice . ac . uk / dataset / ons[]2021[]demography[]sex / resource /
 []

) [35] (./appendix.tex [36]
Underfull \hbox (badness 10000) in paragraph at lines 105--105
[]|\OT1/cmr/m/n/12 IF eco-nomic[]activity[\OT1/cmr/m/it/12 employed\OT1/cmr/m/n/12 ] OR eco-nomic[]activity[\OT1/cmr/m/it/12 unemployed\OT1/cmr/m/n/12 ]
 []


Underfull \hbox (badness 4647) in paragraph at lines 105--105
[]|\OT1/cmr/m/n/12 IF age[\OT1/cmr/m/it/12 young[]adult\OT1/cmr/m/n/12 ] AND eco-nomic[]activity[\OT1/cmr/m/it/12 employed\OT1/cmr/m/n/12 ] THEN re-
 []

[37]
Overfull \hbox (32.0187pt too wide) in alignment at lines 165--171
 [] [] 
 []


Overfull \hbox (32.0187pt too wide) in alignment at lines 171--177
 [] [] 
 []


Overfull \hbox (32.0187pt too wide) in alignment at lines 177--181
 [] [] 
 []


Overfull \hbox (32.0187pt too wide) in alignment at lines 181--184
 [] [] 
 []


Overfull \hbox (32.0187pt too wide) in alignment at lines 184--266
 [] [] 
 []

[38] [39] [40] [41] [42] [43] [44] [45] [46] [47] [48]) [49] (./main.aux)
 ***********
LaTeX2e <2023-11-01> patch level 1
L3 programming layer <2024-02-20>
 ***********
Package rerunfilecheck Info: File `main.out' has not changed.
(rerunfilecheck)             Checksum: 379BE8A1B92970B981CD5E74F0DE9407;7269.
 ) 
Here is how much of TeX's memory you used:
 15154 strings out of 474116
 236439 string characters out of 5743189
 2045190 words of memory out of 5000000
 37055 multiletter control sequences out of 15000+600000
 566565 words of font info for 66 fonts, out of 8000000 for 9000
 1141 hyphenation exceptions out of 8191
 94i,19n,93p,666b,570s stack positions out of 10000i,1000n,20000p,200000b,200000s
<d:/Software/TeXlive/2024/texmf-dist/fonts/type1/public/amsfonts/cm/cmbx12.pfb><d:/Software/TeXlive/2024/texmf-dist/fonts/type1/public/amsfonts/cm/cmex10.pfb><d:/Software/TeXlive/2024/texmf-dist/fonts/type1/public/amsfonts/cm/cmmi12.pfb><d:/Software/TeXlive/2024/texmf-dist/fonts/type1/public/amsfonts/cm/cmmi8.pfb><d:/Software/TeXlive/2024/texmf-dist/fonts/type1/public/amsfonts/cm/cmr12.pfb><d:/Software/TeXlive/2024/texmf-dist/fonts/type1/public/amsfonts/cm/cmr17.pfb><d:/Software/TeXlive/2024/texmf-dist/fonts/type1/public/amsfonts/cm/cmr8.pfb><d:/Software/TeXlive/2024/texmf-dist/fonts/type1/public/amsfonts/cm/cmsy10.pfb><d:/Software/TeXlive/2024/texmf-dist/fonts/type1/public/amsfonts/cm/cmsy8.pfb><d:/Software/TeXlive/2024/texmf-dist/fonts/type1/public/amsfonts/cm/cmti10.pfb><d:/Software/TeXlive/2024/texmf-dist/fonts/type1/public/amsfonts/cm/cmti12.pfb><d:/Software/TeXlive/2024/texmf-dist/fonts/type1/public/amsfonts/symbols/msbm10.pfb><d:/Software/TeXlive/2024/texmf-dist/fonts/type1/public/cm-super/sfrm1200.pfb>
Output written on main.pdf (50 pages, 5845283 bytes).
PDF statistics:
 1082 PDF objects out of 1200 (max. 8388607)
 863 compressed objects within 9 object streams
 188 named destinations out of 1000 (max. 500000)
 359 words of extra memory for PDF output out of 10000 (max. 10000000)

